<?xml version="1.0" encoding="UTF-8"?>
<testng-results ignored="0" total="1" passed="1" failed="0" skipped="0">
  <reporter-output>
  </reporter-output>
  <suite started-at="2022-08-23T15:18:59 IST" name="Surefire suite" finished-at="2022-08-23T15:19:19 IST" duration-ms="19563">
    <groups>
    </groups>
    <test started-at="2022-08-23T15:18:59 IST" name="Surefire test" finished-at="2022-08-23T15:19:19 IST" duration-ms="19563">
      <class name="OwnpracticeCucumber.OwnpracticeCucumber.AppTest">
        <test-method signature="testApp()" started-at="2022-08-23T15:18:59 IST" name="testApp" finished-at="2022-08-23T15:18:59 IST" duration-ms="5" status="PASS">
          <reporter-output>
          </reporter-output>
        </test-method> <!-- testApp -->
      </class> <!-- OwnpracticeCucumber.OwnpracticeCucumber.AppTest -->
    </test> <!-- Surefire test -->
  </suite> <!-- Surefire suite -->
</testng-results>
